[debug] [2024-09-07T12:53:04.358Z] ----------------------------------------------------------------------
[debug] [2024-09-07T12:53:04.359Z] Command:       /Users/dineshkumar/.nvm/versions/node/v22.7.0/bin/node /usr/local/bin/firebase init
[debug] [2024-09-07T12:53:04.360Z] CLI Version:   13.13.1
[debug] [2024-09-07T12:53:04.360Z] Platform:      darwin
[debug] [2024-09-07T12:53:04.360Z] Node Version:  v22.7.0
[debug] [2024-09-07T12:53:04.360Z] Time:          Sat Sep 07 2024 18:23:04 GMT+0530 (India Standard Time)
[debug] [2024-09-07T12:53:04.360Z] ----------------------------------------------------------------------
[debug] 
[debug] [2024-09-07T12:53:04.394Z] > command requires scopes: ["email","openid","https://www.googleapis.com/auth/cloudplatformprojects.readonly","https://www.googleapis.com/auth/firebase","https://www.googleapis.com/auth/cloud-platform"]
[debug] [2024-09-07T12:53:04.395Z] > authorizing via signed-in user (codeservir@gmail.com)
[info] 
     ######## #### ########  ######## ########     ###     ######  ########
     ##        ##  ##     ## ##       ##     ##  ##   ##  ##       ##
     ######    ##  ########  ######   ########  #########  ######  ######
     ##        ##  ##    ##  ##       ##     ## ##     ##       ## ##
     ##       #### ##     ## ######## ########  ##     ##  ######  ########

You're about to initialize a Firebase project in this directory:

  /Users/dineshkumar/Documents/reactJsWork/untitled folder/codeservirReactweb

Before we get started, keep in mind:

  * You are initializing within an existing Firebase project directory

[info] 
=== Project Setup
[info] 
[info] First, let's associate this project directory with a Firebase project.
[info] You can create multiple project aliases by running firebase use --add, 
[info] but for now we'll just set up a default project.
[info] 
[info] i  .firebaserc already has a default project, using codeservirreactapp. 
[debug] [2024-09-07T12:53:10.566Z] >>> [apiv2][query] GET https://firebase.googleapis.com/v1beta1/projects/codeservirreactapp [none]
[debug] [2024-09-07T12:53:11.161Z] <<< [apiv2][status] GET https://firebase.googleapis.com/v1beta1/projects/codeservirreactapp 401
[debug] [2024-09-07T12:53:11.161Z] <<< [apiv2][body] GET https://firebase.googleapis.com/v1beta1/projects/codeservirreactapp {"error":{"code":401,"message":"Request had invalid authentication credentials. Expected OAuth 2 access token, login cookie or other valid authentication credential. See https://developers.google.com/identity/sign-in/web/devconsole-project.","status":"UNAUTHENTICATED"}}
[debug] [2024-09-07T12:53:11.161Z] HTTP Error: 401, Request had invalid authentication credentials. Expected OAuth 2 access token, login cookie or other valid authentication credential. See https://developers.google.com/identity/sign-in/web/devconsole-project.
[debug] [2024-09-07T12:53:11.394Z] FirebaseError: HTTP Error: 401, Request had invalid authentication credentials. Expected OAuth 2 access token, login cookie or other valid authentication credential. See https://developers.google.com/identity/sign-in/web/devconsole-project.
    at responseToError (/usr/local/lib/node_modules/firebase-tools/lib/responseToError.js:49:12)
    at RetryOperation._fn (/usr/local/lib/node_modules/firebase-tools/lib/apiv2.js:305:77)
    at process.processTicksAndRejections (node:internal/process/task_queues:105:5)
[error] 
[error] Error: Failed to get Firebase project codeservirreactapp. Please make sure the project exists and your account has permission to access it.
[debug] [2024-09-07T12:56:37.640Z] ----------------------------------------------------------------------
[debug] [2024-09-07T12:56:37.645Z] Command:       /Users/dineshkumar/.nvm/versions/node/v22.7.0/bin/node /usr/local/bin/firebase init
[debug] [2024-09-07T12:56:37.645Z] CLI Version:   13.13.1
[debug] [2024-09-07T12:56:37.646Z] Platform:      darwin
[debug] [2024-09-07T12:56:37.646Z] Node Version:  v22.7.0
[debug] [2024-09-07T12:56:37.646Z] Time:          Sat Sep 07 2024 18:26:37 GMT+0530 (India Standard Time)
[debug] [2024-09-07T12:56:37.646Z] ----------------------------------------------------------------------
[debug] 
[debug] [2024-09-07T12:56:37.680Z] > command requires scopes: ["email","openid","https://www.googleapis.com/auth/cloudplatformprojects.readonly","https://www.googleapis.com/auth/firebase","https://www.googleapis.com/auth/cloud-platform"]
[debug] [2024-09-07T12:56:37.680Z] > authorizing via signed-in user (codeservir@gmail.com)
[info] 
     ######## #### ########  ######## ########     ###     ######  ########
     ##        ##  ##     ## ##       ##     ##  ##   ##  ##       ##
     ######    ##  ########  ######   ########  #########  ######  ######
     ##        ##  ##    ##  ##       ##     ## ##     ##       ## ##
     ##       #### ##     ## ######## ########  ##     ##  ######  ########

You're about to initialize a Firebase project in this directory:

  /Users/dineshkumar/Documents/reactJsWork/untitled folder/codeservirReactweb

Before we get started, keep in mind:

  * You are initializing within an existing Firebase project directory

[info] 
=== Project Setup
[info] 
[info] First, let's associate this project directory with a Firebase project.
[info] You can create multiple project aliases by running firebase use --add, 
[info] but for now we'll just set up a default project.
[info] 
[info] i  .firebaserc already has a default project, using codeservirreactapp. 
[debug] [2024-09-07T12:56:41.373Z] >>> [apiv2][query] GET https://firebase.googleapis.com/v1beta1/projects/codeservirreactapp [none]
[debug] [2024-09-07T12:56:41.969Z] <<< [apiv2][status] GET https://firebase.googleapis.com/v1beta1/projects/codeservirreactapp 401
[debug] [2024-09-07T12:56:41.970Z] <<< [apiv2][body] GET https://firebase.googleapis.com/v1beta1/projects/codeservirreactapp {"error":{"code":401,"message":"Request had invalid authentication credentials. Expected OAuth 2 access token, login cookie or other valid authentication credential. See https://developers.google.com/identity/sign-in/web/devconsole-project.","status":"UNAUTHENTICATED"}}
[debug] [2024-09-07T12:56:41.971Z] HTTP Error: 401, Request had invalid authentication credentials. Expected OAuth 2 access token, login cookie or other valid authentication credential. See https://developers.google.com/identity/sign-in/web/devconsole-project.
[debug] [2024-09-07T12:56:42.245Z] FirebaseError: HTTP Error: 401, Request had invalid authentication credentials. Expected OAuth 2 access token, login cookie or other valid authentication credential. See https://developers.google.com/identity/sign-in/web/devconsole-project.
    at responseToError (/usr/local/lib/node_modules/firebase-tools/lib/responseToError.js:49:12)
    at RetryOperation._fn (/usr/local/lib/node_modules/firebase-tools/lib/apiv2.js:305:77)
    at process.processTicksAndRejections (node:internal/process/task_queues:105:5)
[error] 
[error] Error: Failed to get Firebase project codeservirreactapp. Please make sure the project exists and your account has permission to access it.
[debug] [2024-09-07T12:59:30.494Z] ----------------------------------------------------------------------
[debug] [2024-09-07T12:59:30.498Z] Command:       /Users/dineshkumar/.nvm/versions/node/v22.7.0/bin/node /usr/local/bin/firebase init
[debug] [2024-09-07T12:59:30.498Z] CLI Version:   13.13.1
[debug] [2024-09-07T12:59:30.498Z] Platform:      darwin
[debug] [2024-09-07T12:59:30.498Z] Node Version:  v22.7.0
[debug] [2024-09-07T12:59:30.498Z] Time:          Sat Sep 07 2024 18:29:30 GMT+0530 (India Standard Time)
[debug] [2024-09-07T12:59:30.499Z] ----------------------------------------------------------------------
[debug] 
[debug] [2024-09-07T12:59:30.533Z] > command requires scopes: ["email","openid","https://www.googleapis.com/auth/cloudplatformprojects.readonly","https://www.googleapis.com/auth/firebase","https://www.googleapis.com/auth/cloud-platform"]
[debug] [2024-09-07T12:59:30.533Z] > authorizing via signed-in user (codeservir@gmail.com)
[info] 
     ######## #### ########  ######## ########     ###     ######  ########
     ##        ##  ##     ## ##       ##     ##  ##   ##  ##       ##
     ######    ##  ########  ######   ########  #########  ######  ######
     ##        ##  ##    ##  ##       ##     ## ##     ##       ## ##
     ##       #### ##     ## ######## ########  ##     ##  ######  ########

You're about to initialize a Firebase project in this directory:

  /Users/dineshkumar/Documents/reactJsWork/untitled folder/codeservirreactapp

Before we get started, keep in mind:

  * You are initializing within an existing Firebase project directory

[info] 
=== Project Setup
[info] 
[info] First, let's associate this project directory with a Firebase project.
[info] You can create multiple project aliases by running firebase use --add, 
[info] but for now we'll just set up a default project.
[info] 
[info] i  .firebaserc already has a default project, using codeservirreactapp. 
[debug] [2024-09-07T12:59:35.094Z] >>> [apiv2][query] GET https://firebase.googleapis.com/v1beta1/projects/codeservirreactapp [none]
[debug] [2024-09-07T12:59:35.465Z] <<< [apiv2][status] GET https://firebase.googleapis.com/v1beta1/projects/codeservirreactapp 401
[debug] [2024-09-07T12:59:35.466Z] <<< [apiv2][body] GET https://firebase.googleapis.com/v1beta1/projects/codeservirreactapp {"error":{"code":401,"message":"Request had invalid authentication credentials. Expected OAuth 2 access token, login cookie or other valid authentication credential. See https://developers.google.com/identity/sign-in/web/devconsole-project.","status":"UNAUTHENTICATED"}}
[debug] [2024-09-07T12:59:35.466Z] HTTP Error: 401, Request had invalid authentication credentials. Expected OAuth 2 access token, login cookie or other valid authentication credential. See https://developers.google.com/identity/sign-in/web/devconsole-project.
[debug] [2024-09-07T12:59:35.700Z] FirebaseError: HTTP Error: 401, Request had invalid authentication credentials. Expected OAuth 2 access token, login cookie or other valid authentication credential. See https://developers.google.com/identity/sign-in/web/devconsole-project.
    at responseToError (/usr/local/lib/node_modules/firebase-tools/lib/responseToError.js:49:12)
    at RetryOperation._fn (/usr/local/lib/node_modules/firebase-tools/lib/apiv2.js:305:77)
    at process.processTicksAndRejections (node:internal/process/task_queues:105:5)
[error] 
[error] Error: Failed to get Firebase project codeservirreactapp. Please make sure the project exists and your account has permission to access it.
